<?xml version="1.0" encoding="UTF-8"?>
<!-- Generated by org.testng.reporters.JUnitXMLReporter -->
<testsuite hostname="DCAP-WEB-UTINO1" ignored="0" name="test15" tests="20" failures="3" timestamp="10 Nov 2021 16:24:41 GMT" time="4707.6" errors="0">
  <testcase name="runScenario" time="307.747" classname="io.cucumber.testng.AbstractTestNGCucumberTests"/>
  <testcase name="runScenario" time="252.238" classname="io.cucumber.testng.AbstractTestNGCucumberTests"/>
  <testcase name="runScenario" time="249.599" classname="io.cucumber.testng.AbstractTestNGCucumberTests"/>
  <testcase name="runScenario" time="221.705" classname="io.cucumber.testng.AbstractTestNGCucumberTests"/>
  <testcase name="runScenario" time="272.621" classname="io.cucumber.testng.AbstractTestNGCucumberTests"/>
  <testcase name="runScenario" time="310.394" classname="io.cucumber.testng.AbstractTestNGCucumberTests">
    <failure type="org.openqa.selenium.WebDriverException" message="Java heap space
Build info: version: &amp;apos;3.141.59&amp;apos;, revision: &amp;apos;e82be7d358&amp;apos;, time: &amp;apos;2018-11-14T08:17:03&amp;apos;
System info: host: &amp;apos;DCAP-WEB-UTINO1&amp;apos;, ip: &amp;apos;192.168.56.1&amp;apos;, os.name: &amp;apos;Windows Server 2012 R2&amp;apos;, os.arch: &amp;apos;amd64&amp;apos;, os.version: &amp;apos;6.3&amp;apos;, java.version: &amp;apos;1.8.0_261&amp;apos;
Driver info: org.openqa.selenium.remote.RemoteWebDriver
Capabilities {acceptInsecureCerts: true, browserName: firefox, browserVersion: 94.0, javascriptEnabled: true, moz:accessibilityChecks: false, moz:buildID: 20211028161635, moz:geckodriverVersion: 0.30.0, moz:headless: false, moz:processID: 4336, moz:profile: C:\Windows\proxy\rust_mozpr..., moz:shutdownTimeout: 60000, moz:useNonSpecCompliantPointerOrigin: false, moz:webdriverClick: true, pageLoadStrategy: normal, platform: WINDOWS, platformName: WINDOWS, platformVersion: 6.3, proxy: Proxy(), setWindowRect: true, strictFileInteractability: false, timeouts: {implicit: 0, pageLoad: 300000, script: 30000}, unhandledPromptBehavior: dismiss and notify, webdriver.remote.sessionid: 3ec18f62f9f3f4cc6ae4d2880d1...}
Session ID: 3ec18f62f9f3f4cc6ae4d2880d1215c8be015c5a">
      <![CDATA[org.openqa.selenium.WebDriverException: Java heap space
Build info: version: '3.141.59', revision: 'e82be7d358', time: '2018-11-14T08:17:03'
System info: host: 'DCAP-WEB-UTINO1', ip: '192.168.56.1', os.name: 'Windows Server 2012 R2', os.arch: 'amd64', os.version: '6.3', java.version: '1.8.0_261'
Driver info: org.openqa.selenium.remote.RemoteWebDriver
Capabilities {acceptInsecureCerts: true, browserName: firefox, browserVersion: 94.0, javascriptEnabled: true, moz:accessibilityChecks: false, moz:buildID: 20211028161635, moz:geckodriverVersion: 0.30.0, moz:headless: false, moz:processID: 4336, moz:profile: C:\Windows\proxy\rust_mozpr..., moz:shutdownTimeout: 60000, moz:useNonSpecCompliantPointerOrigin: false, moz:webdriverClick: true, pageLoadStrategy: normal, platform: WINDOWS, platformName: WINDOWS, platformVersion: 6.3, proxy: Proxy(), setWindowRect: true, strictFileInteractability: false, timeouts: {implicit: 0, pageLoad: 300000, script: 30000}, unhandledPromptBehavior: dismiss and notify, webdriver.remote.sessionid: 3ec18f62f9f3f4cc6ae4d2880d1...}
Session ID: 3ec18f62f9f3f4cc6ae4d2880d1215c8be015c5a
at sun.reflect.GeneratedConstructorAccessor72.newInstance(Unknown Source)
at sun.reflect.DelegatingConstructorAccessorImpl.newInstance(Unknown Source)
at java.lang.reflect.Constructor.newInstance(Unknown Source)
at org.openqa.selenium.remote.http.W3CHttpResponseCodec.createException(W3CHttpResponseCodec.java:187)
at org.openqa.selenium.remote.http.W3CHttpResponseCodec.decode(W3CHttpResponseCodec.java:122)
at org.openqa.selenium.remote.http.W3CHttpResponseCodec.decode(W3CHttpResponseCodec.java:49)
at org.openqa.selenium.remote.HttpCommandExecutor.execute(HttpCommandExecutor.java:158)
at org.openqa.selenium.remote.RemoteWebDriver.execute(RemoteWebDriver.java:552)
at org.openqa.selenium.remote.RemoteWebDriver.execute(RemoteWebDriver.java:609)
at org.openqa.selenium.remote.RemoteWebDriver.getScreenshotAs(RemoteWebDriver.java:295)
at imageMagick.TestXML.imageCreation(TestXML.java:123)
at imageMagick.TestXML.visualTest(TestXML.java:50)
at stepDefinitions.Steps.click_on_the_following_suites(Steps.java:291)
at ✽.click on the following suites(file:FeatureFiles/VisualCases.feature:93)
]]>
    </failure>
  </testcase> <!-- runScenario -->
  <testcase name="runScenario" time="163.049" classname="io.cucumber.testng.AbstractTestNGCucumberTests"/>
  <testcase name="runScenario" time="229.094" classname="io.cucumber.testng.AbstractTestNGCucumberTests"/>
  <testcase name="runScenario" time="186.419" classname="io.cucumber.testng.AbstractTestNGCucumberTests"/>
  <testcase name="runScenario" time="198.217" classname="io.cucumber.testng.AbstractTestNGCucumberTests"/>
  <testcase name="runScenario" time="117.68" classname="io.cucumber.testng.AbstractTestNGCucumberTests"/>
  <testcase name="runScenario" time="301.927" classname="io.cucumber.testng.AbstractTestNGCucumberTests"/>
  <testcase name="runScenario" time="105.29" classname="io.cucumber.testng.AbstractTestNGCucumberTests"/>
  <testcase name="runScenario" time="202.79" classname="io.cucumber.testng.AbstractTestNGCucumberTests"/>
  <testcase name="runScenario" time="257.941" classname="io.cucumber.testng.AbstractTestNGCucumberTests"/>
  <testcase name="runScenario" time="261.461" classname="io.cucumber.testng.AbstractTestNGCucumberTests">
    <failure type="org.openqa.selenium.WebDriverException" message="Java heap space
Build info: version: &amp;apos;3.141.59&amp;apos;, revision: &amp;apos;e82be7d358&amp;apos;, time: &amp;apos;2018-11-14T08:17:03&amp;apos;
System info: host: &amp;apos;DCAP-WEB-UTINO1&amp;apos;, ip: &amp;apos;192.168.56.1&amp;apos;, os.name: &amp;apos;Windows Server 2012 R2&amp;apos;, os.arch: &amp;apos;amd64&amp;apos;, os.version: &amp;apos;6.3&amp;apos;, java.version: &amp;apos;1.8.0_261&amp;apos;
Driver info: org.openqa.selenium.remote.RemoteWebDriver
Capabilities {acceptInsecureCerts: true, browserName: firefox, browserVersion: 94.0, javascriptEnabled: true, moz:accessibilityChecks: false, moz:buildID: 20211028161635, moz:geckodriverVersion: 0.30.0, moz:headless: false, moz:processID: 7276, moz:profile: C:\Windows\proxy\rust_mozpr..., moz:shutdownTimeout: 60000, moz:useNonSpecCompliantPointerOrigin: false, moz:webdriverClick: true, pageLoadStrategy: normal, platform: WINDOWS, platformName: WINDOWS, platformVersion: 6.3, proxy: Proxy(), setWindowRect: true, strictFileInteractability: false, timeouts: {implicit: 0, pageLoad: 300000, script: 30000}, unhandledPromptBehavior: dismiss and notify, webdriver.remote.sessionid: 01e7e4d1fa1e753e67df043dc14...}
Session ID: 01e7e4d1fa1e753e67df043dc14396e46d2acea8">
      <![CDATA[org.openqa.selenium.WebDriverException: Java heap space
Build info: version: '3.141.59', revision: 'e82be7d358', time: '2018-11-14T08:17:03'
System info: host: 'DCAP-WEB-UTINO1', ip: '192.168.56.1', os.name: 'Windows Server 2012 R2', os.arch: 'amd64', os.version: '6.3', java.version: '1.8.0_261'
Driver info: org.openqa.selenium.remote.RemoteWebDriver
Capabilities {acceptInsecureCerts: true, browserName: firefox, browserVersion: 94.0, javascriptEnabled: true, moz:accessibilityChecks: false, moz:buildID: 20211028161635, moz:geckodriverVersion: 0.30.0, moz:headless: false, moz:processID: 7276, moz:profile: C:\Windows\proxy\rust_mozpr..., moz:shutdownTimeout: 60000, moz:useNonSpecCompliantPointerOrigin: false, moz:webdriverClick: true, pageLoadStrategy: normal, platform: WINDOWS, platformName: WINDOWS, platformVersion: 6.3, proxy: Proxy(), setWindowRect: true, strictFileInteractability: false, timeouts: {implicit: 0, pageLoad: 300000, script: 30000}, unhandledPromptBehavior: dismiss and notify, webdriver.remote.sessionid: 01e7e4d1fa1e753e67df043dc14...}
Session ID: 01e7e4d1fa1e753e67df043dc14396e46d2acea8
at sun.reflect.GeneratedConstructorAccessor72.newInstance(Unknown Source)
at sun.reflect.DelegatingConstructorAccessorImpl.newInstance(Unknown Source)
at java.lang.reflect.Constructor.newInstance(Unknown Source)
at org.openqa.selenium.remote.http.W3CHttpResponseCodec.createException(W3CHttpResponseCodec.java:187)
at org.openqa.selenium.remote.http.W3CHttpResponseCodec.decode(W3CHttpResponseCodec.java:122)
at org.openqa.selenium.remote.http.W3CHttpResponseCodec.decode(W3CHttpResponseCodec.java:49)
at org.openqa.selenium.remote.HttpCommandExecutor.execute(HttpCommandExecutor.java:158)
at org.openqa.selenium.remote.RemoteWebDriver.execute(RemoteWebDriver.java:552)
at org.openqa.selenium.remote.RemoteWebDriver.execute(RemoteWebDriver.java:609)
at org.openqa.selenium.remote.RemoteWebDriver.getScreenshotAs(RemoteWebDriver.java:295)
at imageMagick.TestXML.imageCreation(TestXML.java:123)
at imageMagick.TestXML.visualTest(TestXML.java:50)
at stepDefinitions.Steps.click_on_following_all_solutions_options(Steps.java:330)
at ✽.click on following all solutions options(file:FeatureFiles/VisualCases.feature:221)
]]>
    </failure>
  </testcase> <!-- runScenario -->
  <testcase name="runScenario" time="145.681" classname="io.cucumber.testng.AbstractTestNGCucumberTests"/>
  <testcase name="runScenario" time="496.692" classname="io.cucumber.testng.AbstractTestNGCucumberTests">
    <failure type="java.io.IOException" message="Cannot create a file when that file already exists">
      <![CDATA[java.io.IOException: Cannot create a file when that file already exists
at java.io.WinNTFileSystem.canonicalize0(Native Method)
at java.io.WinNTFileSystem.canonicalize(Unknown Source)
at java.io.File.getCanonicalPath(Unknown Source)
at org.apache.commons.io.FileUtils.copyFile(FileUtils.java:1064)
at org.apache.commons.io.FileUtils.copyFile(FileUtils.java:1028)
at imageMagick.TestXML.imageCreation(TestXML.java:124)
at imageMagick.TestXML.visualTest(TestXML.java:50)
at stepDefinitions.Steps.click_on_latest_blogs_and_capture_it(Steps.java:429)
at ✽.click on latest blogs and capture it(file:FeatureFiles/VisualCases.feature:317)
]]>
    </failure>
  </testcase> <!-- runScenario -->
  <testcase name="runScenario" time="243.784" classname="io.cucumber.testng.AbstractTestNGCucumberTests"/>
  <testcase name="runScenario" time="183.019" classname="io.cucumber.testng.AbstractTestNGCucumberTests"/>
</testsuite> <!-- test15 -->
