<?xml version="1.0" encoding="UTF-8"?>
<!-- Generated by org.testng.reporters.JUnitXMLReporter -->
<testsuite hostname="DCAP-WEB-UTINO1" ignored="0" name="test12" tests="20" failures="4" timestamp="10 Nov 2021 15:06:13 GMT" time="4195.377" errors="0">
  <testcase name="runScenario" time="171.833" classname="io.cucumber.testng.AbstractTestNGCucumberTests"/>
  <testcase name="runScenario" time="272.427" classname="io.cucumber.testng.AbstractTestNGCucumberTests">
    <failure type="java.lang.NullPointerException">
      <![CDATA[java.lang.NullPointerException
at framework.Waits.isPageLoaded(Waits.java:82)
at framework.GenericActions.pageLoad(GenericActions.java:74)
at imageMagick.TestXML.visualTest(TestXML.java:41)
at stepDefinitions.Steps.click_on_the_following_suites(Steps.java:291)
at ✽.click on the following suites(file:FeatureFiles/VisualCases.feature:23)
]]>
    </failure>
  </testcase> <!-- runScenario -->
  <testcase name="runScenario" time="255.392" classname="io.cucumber.testng.AbstractTestNGCucumberTests"/>
  <testcase name="runScenario" time="252.733" classname="io.cucumber.testng.AbstractTestNGCucumberTests"/>
  <testcase name="runScenario" time="163.101" classname="io.cucumber.testng.AbstractTestNGCucumberTests"/>
  <testcase name="runScenario" time="258.055" classname="io.cucumber.testng.AbstractTestNGCucumberTests">
    <failure type="org.openqa.selenium.WebDriverException" message="Java heap space
Build info: version: &amp;apos;3.141.59&amp;apos;, revision: &amp;apos;e82be7d358&amp;apos;, time: &amp;apos;2018-11-14T08:17:03&amp;apos;
System info: host: &amp;apos;DCAP-WEB-UTINO1&amp;apos;, ip: &amp;apos;192.168.56.1&amp;apos;, os.name: &amp;apos;Windows Server 2012 R2&amp;apos;, os.arch: &amp;apos;amd64&amp;apos;, os.version: &amp;apos;6.3&amp;apos;, java.version: &amp;apos;1.8.0_261&amp;apos;
Driver info: org.openqa.selenium.remote.RemoteWebDriver
Capabilities {acceptInsecureCerts: true, browserName: firefox, browserVersion: 94.0, javascriptEnabled: true, moz:accessibilityChecks: false, moz:buildID: 20211028161635, moz:geckodriverVersion: 0.30.0, moz:headless: false, moz:processID: 6732, moz:profile: C:\Windows\proxy\rust_mozpr..., moz:shutdownTimeout: 60000, moz:useNonSpecCompliantPointerOrigin: false, moz:webdriverClick: true, pageLoadStrategy: normal, platform: WINDOWS, platformName: WINDOWS, platformVersion: 10.0, proxy: Proxy(), setWindowRect: true, strictFileInteractability: false, timeouts: {implicit: 0, pageLoad: 300000, script: 30000}, unhandledPromptBehavior: dismiss and notify, webdriver.remote.sessionid: 79378d8607f82e9060bb9bec57e...}
Session ID: 79378d8607f82e9060bb9bec57e69c7db961387c">
      <![CDATA[org.openqa.selenium.WebDriverException: Java heap space
Build info: version: '3.141.59', revision: 'e82be7d358', time: '2018-11-14T08:17:03'
System info: host: 'DCAP-WEB-UTINO1', ip: '192.168.56.1', os.name: 'Windows Server 2012 R2', os.arch: 'amd64', os.version: '6.3', java.version: '1.8.0_261'
Driver info: org.openqa.selenium.remote.RemoteWebDriver
Capabilities {acceptInsecureCerts: true, browserName: firefox, browserVersion: 94.0, javascriptEnabled: true, moz:accessibilityChecks: false, moz:buildID: 20211028161635, moz:geckodriverVersion: 0.30.0, moz:headless: false, moz:processID: 6732, moz:profile: C:\Windows\proxy\rust_mozpr..., moz:shutdownTimeout: 60000, moz:useNonSpecCompliantPointerOrigin: false, moz:webdriverClick: true, pageLoadStrategy: normal, platform: WINDOWS, platformName: WINDOWS, platformVersion: 10.0, proxy: Proxy(), setWindowRect: true, strictFileInteractability: false, timeouts: {implicit: 0, pageLoad: 300000, script: 30000}, unhandledPromptBehavior: dismiss and notify, webdriver.remote.sessionid: 79378d8607f82e9060bb9bec57e...}
Session ID: 79378d8607f82e9060bb9bec57e69c7db961387c
at sun.reflect.NativeConstructorAccessorImpl.newInstance0(Native Method)
at sun.reflect.NativeConstructorAccessorImpl.newInstance(Unknown Source)
at sun.reflect.DelegatingConstructorAccessorImpl.newInstance(Unknown Source)
at java.lang.reflect.Constructor.newInstance(Unknown Source)
at org.openqa.selenium.remote.http.W3CHttpResponseCodec.createException(W3CHttpResponseCodec.java:187)
at org.openqa.selenium.remote.http.W3CHttpResponseCodec.decode(W3CHttpResponseCodec.java:122)
at org.openqa.selenium.remote.http.W3CHttpResponseCodec.decode(W3CHttpResponseCodec.java:49)
at org.openqa.selenium.remote.HttpCommandExecutor.execute(HttpCommandExecutor.java:158)
at org.openqa.selenium.remote.RemoteWebDriver.execute(RemoteWebDriver.java:552)
at org.openqa.selenium.remote.RemoteWebDriver.execute(RemoteWebDriver.java:609)
at org.openqa.selenium.remote.RemoteWebDriver.getScreenshotAs(RemoteWebDriver.java:295)
at imageMagick.TestXML.imageCreation(TestXML.java:123)
at imageMagick.TestXML.visualTest(TestXML.java:50)
at stepDefinitions.Steps.click_on_the_following_suites(Steps.java:291)
at ✽.click on the following suites(file:FeatureFiles/VisualCases.feature:93)
]]>
    </failure>
  </testcase> <!-- runScenario -->
  <testcase name="runScenario" time="207.087" classname="io.cucumber.testng.AbstractTestNGCucumberTests"/>
  <testcase name="runScenario" time="207.123" classname="io.cucumber.testng.AbstractTestNGCucumberTests"/>
  <testcase name="runScenario" time="246.99" classname="io.cucumber.testng.AbstractTestNGCucumberTests"/>
  <testcase name="runScenario" time="203.179" classname="io.cucumber.testng.AbstractTestNGCucumberTests"/>
  <testcase name="runScenario" time="193.081" classname="io.cucumber.testng.AbstractTestNGCucumberTests"/>
  <testcase name="runScenario" time="189.314" classname="io.cucumber.testng.AbstractTestNGCucumberTests"/>
  <testcase name="runScenario" time="79.154" classname="io.cucumber.testng.AbstractTestNGCucumberTests"/>
  <testcase name="runScenario" time="110.939" classname="io.cucumber.testng.AbstractTestNGCucumberTests"/>
  <testcase name="runScenario" time="173.423" classname="io.cucumber.testng.AbstractTestNGCucumberTests"/>
  <testcase name="runScenario" time="257.065" classname="io.cucumber.testng.AbstractTestNGCucumberTests">
    <failure type="org.openqa.selenium.WebDriverException" message="Java heap space
Build info: version: &amp;apos;3.141.59&amp;apos;, revision: &amp;apos;e82be7d358&amp;apos;, time: &amp;apos;2018-11-14T08:17:03&amp;apos;
System info: host: &amp;apos;DCAP-WEB-UTINO1&amp;apos;, ip: &amp;apos;192.168.56.1&amp;apos;, os.name: &amp;apos;Windows Server 2012 R2&amp;apos;, os.arch: &amp;apos;amd64&amp;apos;, os.version: &amp;apos;6.3&amp;apos;, java.version: &amp;apos;1.8.0_261&amp;apos;
Driver info: org.openqa.selenium.remote.RemoteWebDriver
Capabilities {acceptInsecureCerts: true, browserName: firefox, browserVersion: 94.0, javascriptEnabled: true, moz:accessibilityChecks: false, moz:buildID: 20211028161635, moz:geckodriverVersion: 0.30.0, moz:headless: false, moz:processID: 10712, moz:profile: C:\Windows\proxy\rust_mozpr..., moz:shutdownTimeout: 60000, moz:useNonSpecCompliantPointerOrigin: false, moz:webdriverClick: true, pageLoadStrategy: normal, platform: WINDOWS, platformName: WINDOWS, platformVersion: 10.0, proxy: Proxy(), setWindowRect: true, strictFileInteractability: false, timeouts: {implicit: 0, pageLoad: 300000, script: 30000}, unhandledPromptBehavior: dismiss and notify, webdriver.remote.sessionid: c467fcbe70420821e4bd781860f...}
Session ID: c467fcbe70420821e4bd781860f109cae3b62a57">
      <![CDATA[org.openqa.selenium.WebDriverException: Java heap space
Build info: version: '3.141.59', revision: 'e82be7d358', time: '2018-11-14T08:17:03'
System info: host: 'DCAP-WEB-UTINO1', ip: '192.168.56.1', os.name: 'Windows Server 2012 R2', os.arch: 'amd64', os.version: '6.3', java.version: '1.8.0_261'
Driver info: org.openqa.selenium.remote.RemoteWebDriver
Capabilities {acceptInsecureCerts: true, browserName: firefox, browserVersion: 94.0, javascriptEnabled: true, moz:accessibilityChecks: false, moz:buildID: 20211028161635, moz:geckodriverVersion: 0.30.0, moz:headless: false, moz:processID: 10712, moz:profile: C:\Windows\proxy\rust_mozpr..., moz:shutdownTimeout: 60000, moz:useNonSpecCompliantPointerOrigin: false, moz:webdriverClick: true, pageLoadStrategy: normal, platform: WINDOWS, platformName: WINDOWS, platformVersion: 10.0, proxy: Proxy(), setWindowRect: true, strictFileInteractability: false, timeouts: {implicit: 0, pageLoad: 300000, script: 30000}, unhandledPromptBehavior: dismiss and notify, webdriver.remote.sessionid: c467fcbe70420821e4bd781860f...}
Session ID: c467fcbe70420821e4bd781860f109cae3b62a57
at sun.reflect.GeneratedConstructorAccessor72.newInstance(Unknown Source)
at sun.reflect.DelegatingConstructorAccessorImpl.newInstance(Unknown Source)
at java.lang.reflect.Constructor.newInstance(Unknown Source)
at org.openqa.selenium.remote.http.W3CHttpResponseCodec.createException(W3CHttpResponseCodec.java:187)
at org.openqa.selenium.remote.http.W3CHttpResponseCodec.decode(W3CHttpResponseCodec.java:122)
at org.openqa.selenium.remote.http.W3CHttpResponseCodec.decode(W3CHttpResponseCodec.java:49)
at org.openqa.selenium.remote.HttpCommandExecutor.execute(HttpCommandExecutor.java:158)
at org.openqa.selenium.remote.RemoteWebDriver.execute(RemoteWebDriver.java:552)
at org.openqa.selenium.remote.RemoteWebDriver.execute(RemoteWebDriver.java:609)
at org.openqa.selenium.remote.RemoteWebDriver.getScreenshotAs(RemoteWebDriver.java:295)
at imageMagick.TestXML.imageCreation(TestXML.java:123)
at imageMagick.TestXML.visualTest(TestXML.java:50)
at stepDefinitions.Steps.click_on_following_all_solutions_options(Steps.java:330)
at ✽.click on following all solutions options(file:FeatureFiles/VisualCases.feature:221)
]]>
    </failure>
  </testcase> <!-- runScenario -->
  <testcase name="runScenario" time="194.298" classname="io.cucumber.testng.AbstractTestNGCucumberTests"/>
  <testcase name="runScenario" time="495.507" classname="io.cucumber.testng.AbstractTestNGCucumberTests">
    <failure type="java.io.IOException" message="Cannot create a file when that file already exists">
      <![CDATA[java.io.IOException: Cannot create a file when that file already exists
at java.io.WinNTFileSystem.canonicalize0(Native Method)
at java.io.WinNTFileSystem.canonicalize(Unknown Source)
at java.io.File.getCanonicalPath(Unknown Source)
at org.apache.commons.io.FileUtils.copyFile(FileUtils.java:1064)
at org.apache.commons.io.FileUtils.copyFile(FileUtils.java:1028)
at imageMagick.TestXML.imageCreation(TestXML.java:124)
at imageMagick.TestXML.visualTest(TestXML.java:50)
at stepDefinitions.Steps.click_on_latest_blogs_and_capture_it(Steps.java:429)
at ✽.click on latest blogs and capture it(file:FeatureFiles/VisualCases.feature:317)
]]>
    </failure>
  </testcase> <!-- runScenario -->
  <testcase name="runScenario" time="111.705" classname="io.cucumber.testng.AbstractTestNGCucumberTests"/>
  <testcase name="runScenario" time="152.748" classname="io.cucumber.testng.AbstractTestNGCucumberTests"/>
</testsuite> <!-- test12 -->
