<?xml version="1.0" encoding="UTF-8"?>
<testng-results ignored="0" total="4" passed="4" failed="0" skipped="0">
  <reporter-output>
  </reporter-output>
  <suite started-at="2022-09-10T12:51:21 IST" name="mysuite" finished-at="2022-09-10T12:54:59 IST" duration-ms="218255">
    <groups>
      <group name="cucumber">
        <method signature="AbstractTestNGCucumberTests.runScenario(io.cucumber.testng.PickleEventWrapper,io.cucumber.testng.CucumberFeatureWrapper)[pri:0, instance:runner.Runner@678040b3]" name="runScenario" class="io.cucumber.testng.AbstractTestNGCucumberTests"/>
      </group> <!-- cucumber -->
    </groups>
    <test started-at="2022-09-10T12:51:21 IST" name="test4" finished-at="2022-09-10T12:54:59 IST" duration-ms="218255">
      <class name="runner.Runner">
        <test-method is-config="true" signature="setUpClass()[pri:0, instance:runner.Runner@678040b3]" started-at="2022-09-10T12:51:21 IST" name="setUpClass" finished-at="2022-09-10T12:51:21 IST" duration-ms="305" status="PASS">
          <reporter-output>
          </reporter-output>
        </test-method> <!-- setUpClass -->
        <test-method signature="runScenario(io.cucumber.testng.PickleEventWrapper,io.cucumber.testng.CucumberFeatureWrapper)[pri:0, instance:runner.Runner@678040b3]" started-at="2022-09-10T12:51:21 IST" name="runScenario" description="Runs Cucumber Scenarios" data-provider="scenarios" finished-at="2022-09-10T12:51:59 IST" duration-ms="37895" status="PASS">
          <params>
            <param index="0">
              <value>
                <![CDATA["Group SignIN Menu Validation"]]>
              </value>
            </param>
            <param index="1">
              <value>
                <![CDATA["DrySign Cases"]]>
              </value>
            </param>
          </params>
          <reporter-output>
          </reporter-output>
        </test-method> <!-- runScenario -->
        <test-method signature="runScenario(io.cucumber.testng.PickleEventWrapper,io.cucumber.testng.CucumberFeatureWrapper)[pri:0, instance:runner.Runner@678040b3]" started-at="2022-09-10T12:51:59 IST" name="runScenario" description="Runs Cucumber Scenarios" data-provider="scenarios" finished-at="2022-09-10T12:53:02 IST" duration-ms="62868" status="PASS">
          <params>
            <param index="0">
              <value>
                <![CDATA["To Verify the UI elements present on the View Plan button pop-up present on the Dashboard"]]>
              </value>
            </param>
            <param index="1">
              <value>
                <![CDATA["DrySign Cases"]]>
              </value>
            </param>
          </params>
          <reporter-output>
          </reporter-output>
        </test-method> <!-- runScenario -->
        <test-method signature="runScenario(io.cucumber.testng.PickleEventWrapper,io.cucumber.testng.CucumberFeatureWrapper)[pri:0, instance:runner.Runner@678040b3]" started-at="2022-09-10T12:53:02 IST" name="runScenario" description="Runs Cucumber Scenarios" data-provider="scenarios" finished-at="2022-09-10T12:54:02 IST" duration-ms="60586" status="PASS">
          <params>
            <param index="0">
              <value>
                <![CDATA["To Verify the Close icon functionality present on the View Plan pop-up screen present on the Dashboard"]]>
              </value>
            </param>
            <param index="1">
              <value>
                <![CDATA["DrySign Cases"]]>
              </value>
            </param>
          </params>
          <reporter-output>
          </reporter-output>
        </test-method> <!-- runScenario -->
        <test-method signature="runScenario(io.cucumber.testng.PickleEventWrapper,io.cucumber.testng.CucumberFeatureWrapper)[pri:0, instance:runner.Runner@678040b3]" started-at="2022-09-10T12:54:02 IST" name="runScenario" description="Runs Cucumber Scenarios" data-provider="scenarios" finished-at="2022-09-10T12:54:58 IST" duration-ms="55609" status="PASS">
          <params>
            <param index="0">
              <value>
                <![CDATA["To Verify register user is able to view only the Higher Plan details than the exisiting plan through Upgrade Plan button present on the View Plan pop-up screen"]]>
              </value>
            </param>
            <param index="1">
              <value>
                <![CDATA["DrySign Cases"]]>
              </value>
            </param>
          </params>
          <reporter-output>
          </reporter-output>
        </test-method> <!-- runScenario -->
        <test-method is-config="true" signature="tearDownClass()[pri:0, instance:runner.Runner@678040b3]" started-at="2022-09-10T12:54:58 IST" name="tearDownClass" finished-at="2022-09-10T12:54:59 IST" duration-ms="895" status="PASS">
          <reporter-output>
          </reporter-output>
        </test-method> <!-- tearDownClass -->
      </class> <!-- runner.Runner -->
    </test> <!-- test4 -->
  </suite> <!-- mysuite -->
</testng-results>
