<?xml version="1.0" encoding="UTF-8"?>
<testng-results ignored="0" total="4" passed="4" failed="0" skipped="0">
  <reporter-output>
  </reporter-output>
  <suite started-at="2022-09-11T01:16:32 IST" name="mysuite" finished-at="2022-09-11T01:20:03 IST" duration-ms="211421">
    <groups>
      <group name="cucumber">
        <method signature="AbstractTestNGCucumberTests.runScenario(io.cucumber.testng.PickleEventWrapper,io.cucumber.testng.CucumberFeatureWrapper)[pri:0, instance:runner.Runner@678040b3]" name="runScenario" class="io.cucumber.testng.AbstractTestNGCucumberTests"/>
      </group> <!-- cucumber -->
    </groups>
    <test started-at="2022-09-11T01:16:32 IST" name="test6" finished-at="2022-09-11T01:20:03 IST" duration-ms="211421">
      <class name="runner.Runner">
        <test-method is-config="true" signature="setUpClass()[pri:0, instance:runner.Runner@678040b3]" started-at="2022-09-11T01:16:32 IST" name="setUpClass" finished-at="2022-09-11T01:16:32 IST" duration-ms="281" status="PASS">
          <reporter-output>
          </reporter-output>
        </test-method> <!-- setUpClass -->
        <test-method signature="runScenario(io.cucumber.testng.PickleEventWrapper,io.cucumber.testng.CucumberFeatureWrapper)[pri:0, instance:runner.Runner@678040b3]" started-at="2022-09-11T01:16:32 IST" name="runScenario" description="Runs Cucumber Scenarios" data-provider="scenarios" finished-at="2022-09-11T01:17:10 IST" duration-ms="38102" status="PASS">
          <params>
            <param index="0">
              <value>
                <![CDATA["Group SignIN Menu Validation"]]>
              </value>
            </param>
            <param index="1">
              <value>
                <![CDATA["DrySign Cases"]]>
              </value>
            </param>
          </params>
          <reporter-output>
          </reporter-output>
        </test-method> <!-- runScenario -->
        <test-method signature="runScenario(io.cucumber.testng.PickleEventWrapper,io.cucumber.testng.CucumberFeatureWrapper)[pri:0, instance:runner.Runner@678040b3]" started-at="2022-09-11T01:17:10 IST" name="runScenario" description="Runs Cucumber Scenarios" data-provider="scenarios" finished-at="2022-09-11T01:18:11 IST" duration-ms="60371" status="PASS">
          <params>
            <param index="0">
              <value>
                <![CDATA["To Verify the UI elements present on the View Plan button pop-up present on the Dashboard"]]>
              </value>
            </param>
            <param index="1">
              <value>
                <![CDATA["DrySign Cases"]]>
              </value>
            </param>
          </params>
          <reporter-output>
          </reporter-output>
        </test-method> <!-- runScenario -->
        <test-method signature="runScenario(io.cucumber.testng.PickleEventWrapper,io.cucumber.testng.CucumberFeatureWrapper)[pri:0, instance:runner.Runner@678040b3]" started-at="2022-09-11T01:18:11 IST" name="runScenario" description="Runs Cucumber Scenarios" data-provider="scenarios" finished-at="2022-09-11T01:19:02 IST" duration-ms="51172" status="PASS">
          <params>
            <param index="0">
              <value>
                <![CDATA["To Verify the Close icon functionality present on the View Plan pop-up screen present on the Dashboard"]]>
              </value>
            </param>
            <param index="1">
              <value>
                <![CDATA["DrySign Cases"]]>
              </value>
            </param>
          </params>
          <reporter-output>
          </reporter-output>
        </test-method> <!-- runScenario -->
        <test-method signature="runScenario(io.cucumber.testng.PickleEventWrapper,io.cucumber.testng.CucumberFeatureWrapper)[pri:0, instance:runner.Runner@678040b3]" started-at="2022-09-11T01:19:02 IST" name="runScenario" description="Runs Cucumber Scenarios" data-provider="scenarios" finished-at="2022-09-11T01:20:03 IST" duration-ms="60819" status="PASS">
          <params>
            <param index="0">
              <value>
                <![CDATA["To Verify register user is able to view only the Higher Plan details than the exisiting plan through Upgrade Plan button present on the View Plan pop-up screen"]]>
              </value>
            </param>
            <param index="1">
              <value>
                <![CDATA["DrySign Cases"]]>
              </value>
            </param>
          </params>
          <reporter-output>
          </reporter-output>
        </test-method> <!-- runScenario -->
        <test-method is-config="true" signature="tearDownClass()[pri:0, instance:runner.Runner@678040b3]" started-at="2022-09-11T01:20:03 IST" name="tearDownClass" finished-at="2022-09-11T01:20:03 IST" duration-ms="596" status="PASS">
          <reporter-output>
          </reporter-output>
        </test-method> <!-- tearDownClass -->
      </class> <!-- runner.Runner -->
    </test> <!-- test6 -->
  </suite> <!-- mysuite -->
</testng-results>
